<?xml version="1.0" encoding="UTF-8"?>
<testsuite name="JsonDatabaseTest" tests="1" skipped="0" failures="0" errors="0" timestamp="2020-11-10T10:45:04" hostname="luorenjies-iMac.home" time="0.138">
  <properties/>
  <testcase name="start" classname="JsonDatabaseTest" time="0.138"/>
  <system-out><![CDATA[?[1;31m
Start test 1?[0m
Server started!
Client started!
Sent: {"type":"exit","key":null,"value":null}
Received: {"response":"OK"}
?[1;31m
Start test 2?[0m
?[1;31m
Start test 3?[0m
Server started!
Client started!
Sent: {"type":"set","key":"1","value":"Hello world!"}
/Users/luorenjie/IdeaProjects/JSON Database/JSON Database/task/src/server/data/db.json
Received: {"response":"OK"}
Client started!
Sent: {"type":"set","key":"person","value":{"name":"Elon Musk","car":{"model":"Tesla Roadster","year":"2018"},"rocket":{"name":"Falcon 9","launches":"87"}}}

/Users/luorenjie/IdeaProjects/JSON Database/JSON Database/task/src/server/data/db.json
Received: {"response":"OK"}
Client started!
Sent: {"type":"get","key":["person","name"]}

Received: {"response":"OK","value":"Elon Musk"}
Client started!
Sent: {"type":"set","key":["person","rocket","launches"],"value":"88"}

/Users/luorenjie/IdeaProjects/JSON Database/JSON Database/task/src/server/data/db.json
Received: {"response":"OK"}
Client started!
Sent: {"type":"get","key":["person"]}

Received: {"response":"OK","value":{"name":"Elon Musk","car":{"model":"Tesla Roadster","year":"2018"},"rocket":{"name":"Falcon 9","launches":"88"}}}
Client started!
Sent: {"type":"delete","key":["person","car","year"]}

/Users/luorenjie/IdeaProjects/JSON Database/JSON Database/task/src/server/data/db.json
Received: {"response":"OK"}
Client started!
Sent: {"type":"get","key":["person"]}

Received: {"response":"OK","value":{"name":"Elon Musk","car":{"model":"Tesla Roadster"},"rocket":{"name":"Falcon 9","launches":"88"}}}
Client started!
Sent: {"type":"exit","key":null,"value":null}
Received: {"response":"OK"}
]]></system-out>
  <system-err><![CDATA[]]></system-err>
</testsuite>
